<?xml version="1.0" encoding="UTF-8"?>
<!-- Generated by org.testng.reporters.JUnitReportReporter -->
<testsuite hostname="DESKTOP-677DVTP" failures="0" tests="2" name="maven_test_cases.Maven_test_1" time="7.539" errors="0" timestamp="2022-11-03T12:50:07 IST" skipped="0">
  <testcase classname="maven_test_cases.Maven_test_1" name="Facebook" time="4.563"/>
  <system-out/>
  <testcase classname="maven_test_cases.Maven_test_1" name="Google" time="2.976"/>
  <system-out/>
</testsuite> <!-- maven_test_cases.Maven_test_1 -->
